<?xml version="1.0" encoding="UTF-8"?>
<!-- Generated by org.testng.reporters.JUnitReportReporter -->
<testsuite hostname="sid" failures="0" tests="1" name="Tests.LoginPageValidation" time="12.802" errors="0" timestamp="2024-11-30T16:48:38 IST" skipped="0">
  <testcase classname="Tests.LoginPageValidation" name="validationOfError" time="12.802"/>
  <system-out/>
</testsuite> <!-- Tests.LoginPageValidation -->
