<?xml version="1.0" encoding="UTF-8"?>
<!-- Generated by org.testng.reporters.JUnitReportReporter -->
<testsuite hostname="sid" failures="0" tests="1" name="Tests.LoginPageValidation" time="7.614" errors="0" timestamp="2024-11-30T16:28:26 IST" skipped="0">
  <testcase classname="Tests.LoginPageValidation" name="validationOfError" time="7.614"/>
  <system-out/>
</testsuite> <!-- Tests.LoginPageValidation -->
